<?xml version="1.0" encoding="UTF-8"?>
<!-- Generated by org.testng.reporters.JUnitReportReporter -->
<testsuite hostname="DESKTOP-HBUM59O" failures="0" tests="1" name="testCases.TC002_LoginTest" time="15.357" errors="0" timestamp="2024-12-20T14:07:31 AST" skipped="0">
  <testcase classname="testCases.TC002_LoginTest" name="verify_login" time="15.357"/>
</testsuite> <!-- testCases.TC002_LoginTest -->
