<?xml version="1.0" encoding="UTF-8"?>
<!-- Generated by org.testng.reporters.JUnitReportReporter -->
<testsuite hostname="DESKTOP-HBUM59O" failures="0" tests="1" name="testCases.TC001_AccountRegTest" time="45.461" errors="0" timestamp="2024-12-20T14:07:31 AST" skipped="0">
  <testcase classname="testCases.TC001_AccountRegTest" name="verify_account_registration" time="45.461"/>
</testsuite> <!-- testCases.TC001_AccountRegTest -->
